build/app/intermediates/manifest_merge_blame_file/release/processReleaseMainManifest/manifest-merger-blame-release-report.txt
1<?xml version="1.0" encoding="utf-8"?>
2<manifest xmlns:android="http://schemas.android.com/apk/res/android"
3    package="com.application.office_syndrome"
4    android:versionCode="3"
5    android:versionName="1.0.3" >
6
7    <uses-sdk
8        android:minSdkVersion="21"
9        android:targetSdkVersion="35" />
10
11    <uses-permission android:name="android.permission.VIBRATE" />
11-->src/main/AndroidManifest.xml:2:5-66
11-->src/main/AndroidManifest.xml:2:22-63
12    <uses-permission android:name="android.permission.POST_NOTIFICATIONS" />
12-->src/main/AndroidManifest.xml:3:5-76
12-->src/main/AndroidManifest.xml:3:22-74
13    <uses-permission android:name="android.permission.RECEIVE_BOOT_COMPLETED" />
13-->src/main/AndroidManifest.xml:4:5-80
13-->src/main/AndroidManifest.xml:4:22-78
14    <uses-permission android:name="android.permission.WAKE_LOCK" />
14-->src/main/AndroidManifest.xml:5:5-68
14-->src/main/AndroidManifest.xml:5:22-65
15    <uses-permission
15-->src/main/AndroidManifest.xml:6:6-7:38
16        android:name="android.permission.SCHEDULE_EXACT_ALARM"
16-->src/main/AndroidManifest.xml:6:23-77
17        android:maxSdkVersion="32" />
17-->src/main/AndroidManifest.xml:7:9-35
18    <uses-permission android:name="android.permission.USE_EXACT_ALARM" />
18-->src/main/AndroidManifest.xml:8:5-74
18-->src/main/AndroidManifest.xml:8:22-71
19    <uses-permission android:name="android.permission.FOREGROUND_SERVICE" />
19-->src/main/AndroidManifest.xml:9:6-78
19-->src/main/AndroidManifest.xml:9:23-75
20    <!--
21         Required to query activities that can process text, see:
22         https://developer.android.com/training/package-visibility and
23         https://developer.android.com/reference/android/content/Intent#ACTION_PROCESS_TEXT.
24
25         In particular, this is used by the Flutter engine in io.flutter.plugin.text.ProcessTextPlugin.
26    -->
27    <queries>
27-->src/main/AndroidManifest.xml:64:5-70:15
28        <intent>
28-->src/main/AndroidManifest.xml:65:9-68:18
29            <action android:name="android.intent.action.PROCESS_TEXT" />
29-->src/main/AndroidManifest.xml:66:13-72
29-->src/main/AndroidManifest.xml:66:21-70
30
31            <data android:mimeType="text/plain" />
31-->src/main/AndroidManifest.xml:67:13-50
31-->src/main/AndroidManifest.xml:67:19-48
32        </intent>
33    </queries>
34
35    <uses-permission android:name="android.permission.USE_FULL_SCREEN_INTENT" />
35-->[:alarm] AndroidManifest.xml:10:5-81
35-->[:alarm] AndroidManifest.xml:10:22-78
36    <uses-permission android:name="android.permission.ACCESS_NOTIFICATION_POLICY" />
36-->[:alarm] AndroidManifest.xml:12:5-85
36-->[:alarm] AndroidManifest.xml:12:22-82
37    <uses-permission android:name="android.permission.READ_EXTERNAL_STORAGE" />
37-->[:alarm] AndroidManifest.xml:14:5-80
37-->[:alarm] AndroidManifest.xml:14:22-77
38    <uses-permission android:name="android.permission.FOREGROUND_SERVICE_MEDIA_PLAYBACK" />
38-->[:alarm] AndroidManifest.xml:15:5-92
38-->[:alarm] AndroidManifest.xml:15:22-89
39    <uses-permission android:name="android.permission.ACCESS_NETWORK_STATE" />
39-->[androidx.media3:media3-exoplayer:1.5.1] AndroidManifest.xml:22:5-79
39-->[androidx.media3:media3-exoplayer:1.5.1] AndroidManifest.xml:22:22-76
40
41    <permission
41-->[androidx.core:core:1.13.1] AndroidManifest.xml:22:5-24:47
42        android:name="com.application.office_syndrome.DYNAMIC_RECEIVER_NOT_EXPORTED_PERMISSION"
42-->[androidx.core:core:1.13.1] AndroidManifest.xml:23:9-81
43        android:protectionLevel="signature" />
43-->[androidx.core:core:1.13.1] AndroidManifest.xml:24:9-44
44
45    <uses-permission android:name="com.application.office_syndrome.DYNAMIC_RECEIVER_NOT_EXPORTED_PERMISSION" />
45-->[androidx.core:core:1.13.1] AndroidManifest.xml:26:5-97
45-->[androidx.core:core:1.13.1] AndroidManifest.xml:26:22-94
46
47    <application
48        android:name="android.app.Application"
48-->src/main/AndroidManifest.xml:12:9-42
49        android:appComponentFactory="androidx.core.app.CoreComponentFactory"
49-->[androidx.core:core:1.13.1] AndroidManifest.xml:28:18-86
50        android:exported="true"
50-->src/main/AndroidManifest.xml:14:10-33
51        android:extractNativeLibs="true"
52        android:icon="@mipmap/ic_launcher"
52-->src/main/AndroidManifest.xml:15:9-43
53        android:label="Office Syndrome"
53-->src/main/AndroidManifest.xml:11:9-40
54        android:screenOrientation="portrait" >
54-->src/main/AndroidManifest.xml:13:9-45
55        <receiver
55-->src/main/AndroidManifest.xml:17:8-124
56            android:name="com.dexterous.flutterlocalnotifications.ActionBroadcastReceiver"
56-->src/main/AndroidManifest.xml:17:43-121
57            android:exported="false" />
57-->src/main/AndroidManifest.xml:17:18-42
58        <receiver
58-->src/main/AndroidManifest.xml:18:5-125
59            android:name="com.dexterous.flutterlocalnotifications.ScheduledNotificationReceiver"
59-->src/main/AndroidManifest.xml:18:15-99
60            android:exported="true" />
60-->src/main/AndroidManifest.xml:18:100-123
61        <receiver
61-->src/main/AndroidManifest.xml:19:5-25:16
62            android:name="com.dexterous.flutterlocalnotifications.ScheduledNotificationBootReceiver"
62-->src/main/AndroidManifest.xml:19:15-103
63            android:enabled="true"
63-->src/main/AndroidManifest.xml:19:104-126
64            android:exported="true" >
64-->src/main/AndroidManifest.xml:19:127-150
65            <intent-filter>
65-->src/main/AndroidManifest.xml:20:9-24:25
66                <action android:name="android.intent.action.BOOT_COMPLETED" />
66-->src/main/AndroidManifest.xml:21:13-74
66-->src/main/AndroidManifest.xml:21:21-72
67                <action android:name="android.intent.action.MY_PACKAGE_REPLACED" />
67-->src/main/AndroidManifest.xml:22:13-79
67-->src/main/AndroidManifest.xml:22:21-77
68                <action android:name="com.htc.intent.action.QUICKBOOT_POWERON" />
68-->src/main/AndroidManifest.xml:23:13-77
68-->src/main/AndroidManifest.xml:23:21-75
69            </intent-filter>
70        </receiver>
71
72        <service
72-->src/main/AndroidManifest.xml:26:5-171
73            android:name="com.dexterous.flutterlocalnotifications.NotificationService"
73-->src/main/AndroidManifest.xml:26:14-88
74            android:exported="true"
74-->src/main/AndroidManifest.xml:26:146-169
75            android:permission="android.permission.BIND_JOB_SERVICE" />
75-->src/main/AndroidManifest.xml:26:89-145
76
77        <activity
77-->src/main/AndroidManifest.xml:28:9-52:20
78            android:name="com.application.office_syndrome.MainActivity"
78-->src/main/AndroidManifest.xml:29:13-41
79            android:configChanges="orientation|keyboardHidden|keyboard|screenSize|smallestScreenSize|locale|layoutDirection|fontScale|screenLayout|density|uiMode"
79-->src/main/AndroidManifest.xml:37:13-163
80            android:enableOnBackInvokedCallback="true"
80-->src/main/AndroidManifest.xml:36:13-55
81            android:exported="true"
81-->src/main/AndroidManifest.xml:30:13-36
82            android:hardwareAccelerated="true"
82-->src/main/AndroidManifest.xml:38:13-47
83            android:launchMode="singleTop"
83-->src/main/AndroidManifest.xml:31:13-43
84            android:showWhenLocked="true"
84-->src/main/AndroidManifest.xml:33:13-42
85            android:taskAffinity=""
85-->src/main/AndroidManifest.xml:32:13-36
86            android:theme="@style/LaunchTheme"
86-->src/main/AndroidManifest.xml:35:13-47
87            android:turnScreenOn="true"
87-->src/main/AndroidManifest.xml:34:13-40
88            android:windowSoftInputMode="adjustResize" >
88-->src/main/AndroidManifest.xml:39:13-55
89
90            <!--
91                 Specifies an Android theme to apply to this Activity as soon as
92                 the Android process has started. This theme is visible to the user
93                 while the Flutter UI initializes. After that, this theme continues
94                 to determine the Window background behind the Flutter UI.
95            -->
96            <meta-data
96-->src/main/AndroidManifest.xml:44:13-47:17
97                android:name="io.flutter.embedding.android.NormalTheme"
97-->src/main/AndroidManifest.xml:45:15-70
98                android:resource="@style/NormalTheme" />
98-->src/main/AndroidManifest.xml:46:15-52
99
100            <intent-filter>
100-->src/main/AndroidManifest.xml:48:13-51:29
101                <action android:name="android.intent.action.MAIN" />
101-->src/main/AndroidManifest.xml:49:17-68
101-->src/main/AndroidManifest.xml:49:25-66
102
103                <category android:name="android.intent.category.LAUNCHER" />
103-->src/main/AndroidManifest.xml:50:17-76
103-->src/main/AndroidManifest.xml:50:27-74
104            </intent-filter>
105        </activity>
106        <!--
107             Don't delete the meta-data below.
108             This is used by the Flutter tool to generate GeneratedPluginRegistrant.java
109        -->
110        <meta-data
110-->src/main/AndroidManifest.xml:55:9-57:33
111            android:name="flutterEmbedding"
111-->src/main/AndroidManifest.xml:56:13-44
112            android:value="2" />
112-->src/main/AndroidManifest.xml:57:13-30
113
114        <receiver
114-->[:alarm] AndroidManifest.xml:20:9-22:39
115            android:name="com.gdelataillade.alarm.alarm.AlarmReceiver"
115-->[:alarm] AndroidManifest.xml:21:13-71
116            android:exported="true" />
116-->[:alarm] AndroidManifest.xml:22:13-36
117        <receiver
117-->[:alarm] AndroidManifest.xml:23:9-30:20
118            android:name="com.gdelataillade.alarm.alarm.BootReceiver"
118-->[:alarm] AndroidManifest.xml:24:13-70
119            android:enabled="true"
119-->[:alarm] AndroidManifest.xml:25:13-35
120            android:exported="true" >
120-->[:alarm] AndroidManifest.xml:26:13-36
121            <intent-filter>
121-->[:alarm] AndroidManifest.xml:27:13-29:29
122                <action android:name="android.intent.action.BOOT_COMPLETED" />
122-->src/main/AndroidManifest.xml:21:13-74
122-->src/main/AndroidManifest.xml:21:21-72
123            </intent-filter>
124        </receiver>
125
126        <service
126-->[:alarm] AndroidManifest.xml:32:9-36:19
127            android:name="com.gdelataillade.alarm.alarm.AlarmService"
127-->[:alarm] AndroidManifest.xml:33:13-70
128            android:exported="false"
128-->[:alarm] AndroidManifest.xml:34:13-37
129            android:foregroundServiceType="mediaPlayback" >
129-->[:alarm] AndroidManifest.xml:35:13-58
130        </service>
131
132        <uses-library
132-->[androidx.window:window:1.2.0] AndroidManifest.xml:23:9-25:40
133            android:name="androidx.window.extensions"
133-->[androidx.window:window:1.2.0] AndroidManifest.xml:24:13-54
134            android:required="false" />
134-->[androidx.window:window:1.2.0] AndroidManifest.xml:25:13-37
135        <uses-library
135-->[androidx.window:window:1.2.0] AndroidManifest.xml:26:9-28:40
136            android:name="androidx.window.sidecar"
136-->[androidx.window:window:1.2.0] AndroidManifest.xml:27:13-51
137            android:required="false" />
137-->[androidx.window:window:1.2.0] AndroidManifest.xml:28:13-37
138
139        <provider
139-->[androidx.lifecycle:lifecycle-process:2.8.7] AndroidManifest.xml:24:9-32:20
140            android:name="androidx.startup.InitializationProvider"
140-->[androidx.lifecycle:lifecycle-process:2.8.7] AndroidManifest.xml:25:13-67
141            android:authorities="com.application.office_syndrome.androidx-startup"
141-->[androidx.lifecycle:lifecycle-process:2.8.7] AndroidManifest.xml:26:13-68
142            android:exported="false" >
142-->[androidx.lifecycle:lifecycle-process:2.8.7] AndroidManifest.xml:27:13-37
143            <meta-data
143-->[androidx.lifecycle:lifecycle-process:2.8.7] AndroidManifest.xml:29:13-31:52
144                android:name="androidx.lifecycle.ProcessLifecycleInitializer"
144-->[androidx.lifecycle:lifecycle-process:2.8.7] AndroidManifest.xml:30:17-78
145                android:value="androidx.startup" />
145-->[androidx.lifecycle:lifecycle-process:2.8.7] AndroidManifest.xml:31:17-49
146            <meta-data
146-->[androidx.profileinstaller:profileinstaller:1.3.1] AndroidManifest.xml:29:13-31:52
147                android:name="androidx.profileinstaller.ProfileInstallerInitializer"
147-->[androidx.profileinstaller:profileinstaller:1.3.1] AndroidManifest.xml:30:17-85
148                android:value="androidx.startup" />
148-->[androidx.profileinstaller:profileinstaller:1.3.1] AndroidManifest.xml:31:17-49
149        </provider>
150
151        <receiver
151-->[androidx.profileinstaller:profileinstaller:1.3.1] AndroidManifest.xml:34:9-52:20
152            android:name="androidx.profileinstaller.ProfileInstallReceiver"
152-->[androidx.profileinstaller:profileinstaller:1.3.1] AndroidManifest.xml:35:13-76
153            android:directBootAware="false"
153-->[androidx.profileinstaller:profileinstaller:1.3.1] AndroidManifest.xml:36:13-44
154            android:enabled="true"
154-->[androidx.profileinstaller:profileinstaller:1.3.1] AndroidManifest.xml:37:13-35
155            android:exported="true"
155-->[androidx.profileinstaller:profileinstaller:1.3.1] AndroidManifest.xml:38:13-36
156            android:permission="android.permission.DUMP" >
156-->[androidx.profileinstaller:profileinstaller:1.3.1] AndroidManifest.xml:39:13-57
157            <intent-filter>
157-->[androidx.profileinstaller:profileinstaller:1.3.1] AndroidManifest.xml:40:13-42:29
158                <action android:name="androidx.profileinstaller.action.INSTALL_PROFILE" />
158-->[androidx.profileinstaller:profileinstaller:1.3.1] AndroidManifest.xml:41:17-91
158-->[androidx.profileinstaller:profileinstaller:1.3.1] AndroidManifest.xml:41:25-88
159            </intent-filter>
160            <intent-filter>
160-->[androidx.profileinstaller:profileinstaller:1.3.1] AndroidManifest.xml:43:13-45:29
161                <action android:name="androidx.profileinstaller.action.SKIP_FILE" />
161-->[androidx.profileinstaller:profileinstaller:1.3.1] AndroidManifest.xml:44:17-85
161-->[androidx.profileinstaller:profileinstaller:1.3.1] AndroidManifest.xml:44:25-82
162            </intent-filter>
163            <intent-filter>
163-->[androidx.profileinstaller:profileinstaller:1.3.1] AndroidManifest.xml:46:13-48:29
164                <action android:name="androidx.profileinstaller.action.SAVE_PROFILE" />
164-->[androidx.profileinstaller:profileinstaller:1.3.1] AndroidManifest.xml:47:17-88
164-->[androidx.profileinstaller:profileinstaller:1.3.1] AndroidManifest.xml:47:25-85
165            </intent-filter>
166            <intent-filter>
166-->[androidx.profileinstaller:profileinstaller:1.3.1] AndroidManifest.xml:49:13-51:29
167                <action android:name="androidx.profileinstaller.action.BENCHMARK_OPERATION" />
167-->[androidx.profileinstaller:profileinstaller:1.3.1] AndroidManifest.xml:50:17-95
167-->[androidx.profileinstaller:profileinstaller:1.3.1] AndroidManifest.xml:50:25-92
168            </intent-filter>
169        </receiver>
170    </application>
171
172</manifest>